<h1>Ban</h1>http://hyundai.epcdata.ru/accent-pony-excel/26566/chassis/elektroprovodka_paneli_priborov-91913/<br />
<b>Fatal error</b>:  Call to a member function opts_str() on a non-object in <b>/var/www/epcdata/kia_hyw/app/src/controller/mcController.class.php</b> on line <b>476</b><br />



<h1>Ban</h1>http://hyundai.epcdata.ru/accent-pony-excel/22256/chassis/elektroprovodka_paneli_priborov-91913/<br />
<b>Fatal error</b>:  Call to a member function opts_str() on a non-object in <b>/var/www/epcdata/kia_hyw/app/src/controller/mcController.class.php</b> on line <b>476</b><br />



<h1>Ban</h1>http://hyundai.epcdata.ru/accent-pony-excel/23891/chassis/elektroprovodka_paneli_priborov-91913/<br />
<b>Fatal error</b>:  Call to a member function opts_str() on a non-object in <b>/var/www/epcdata/kia_hyw/app/src/controller/mcController.class.php</b> on line <b>476</b><br />



<h1>Ban</h1>http://hyundai.epcdata.ru/accent-pony-excel/21758/chassis/elektroprovodka_paneli_priborov-91913/<br />
<b>Fatal error</b>:  Call to a member function opts_str() on a non-object in <b>/var/www/epcdata/kia_hyw/app/src/controller/mcController.class.php</b> on line <b>476</b><br />



<h1>Ban</h1>http://hyundai.epcdata.ru/accent-pony-excel/21952/chassis/elektroprovodka_paneli_priborov-91913/<br />
<b>Fatal error</b>:  Call to a member function opts_str() on a non-object in <b>/var/www/epcdata/kia_hyw/app/src/controller/mcController.class.php</b> on line <b>476</b><br />



<h1>Ban</h1>http://hyundai.epcdata.ru/accent-pony-excel/24094/chassis/elektroprovodka_paneli_priborov-91913/<br />
<b>Fatal error</b>:  Call to a member function opts_str() on a non-object in <b>/var/www/epcdata/kia_hyw/app/src/controller/mcController.class.php</b> on line <b>476</b><br />



<h1>Ban</h1>http://hyundai.epcdata.ru/accent-pony-excel/24398/chassis/elektroprovodka_paneli_priborov-91913/<br />
<b>Fatal error</b>:  Call to a member function opts_str() on a non-object in <b>/var/www/epcdata/kia_hyw/app/src/controller/mcController.class.php</b> on line <b>476</b><br />



<h1>Ban</h1>http://hyundai.epcdata.ru/accent-pony-excel/23902/chassis/elektroprovodka_paneli_priborov-91913/<br />
<b>Fatal error</b>:  Call to a member function opts_str() on a non-object in <b>/var/www/epcdata/kia_hyw/app/src/controller/mcController.class.php</b> on line <b>476</b><br />



<h1>Ban</h1>http://hyundai.epcdata.ru/accent-pony-excel/25739/chassis/elektroprovodka_paneli_priborov-91913/<br />
<b>Fatal error</b>:  Call to a member function opts_str() on a non-object in <b>/var/www/epcdata/kia_hyw/app/src/controller/mcController.class.php</b> on line <b>476</b><br />



<h1>Ban</h1>http://hyundai.epcdata.ru/accent-pony-excel/28145/chassis/elektroprovodka_paneli_priborov-91913/<br />
<b>Fatal error</b>:  Call to a member function opts_str() on a non-object in <b>/var/www/epcdata/kia_hyw/app/src/controller/mcController.class.php</b> on line <b>476</b><br />



<h1>Ban</h1>http://hyundai.epcdata.ru/accent-pony-excel/21983/chassis/elektroprovodka_paneli_priborov-91913/<br />
<b>Fatal error</b>:  Call to a member function opts_str() on a non-object in <b>/var/www/epcdata/kia_hyw/app/src/controller/mcController.class.php</b> on line <b>476</b><br />



<h1>Ban</h1>http://hyundai.epcdata.ru/accent-pony-excel/19702/chassis/elektroprovodka_paneli_priborov-91913/<br />
<b>Fatal error</b>:  Call to a member function opts_str() on a non-object in <b>/var/www/epcdata/kia_hyw/app/src/controller/mcController.class.php</b> on line <b>476</b><br />



<h1>Ban</h1>http://hyundai.epcdata.ru/accent-pony-excel/21188/chassis/elektroprovodka_paneli_priborov-91913/


<h1>Ban</h1>http://hyundai.epcdata.ru/accent-pony-excel/20445/chassis/elektroprovodka_paneli_priborov-91913/<br />
<b>Fatal error</b>:  Call to a member function opts_str() on a non-object in <b>/var/www/epcdata/kia_hyw/app/src/controller/mcController.class.php</b> on line <b>476</b><br />



<h1>Ban</h1>http://hyundai.epcdata.ru/accent-pony-excel/21774/chassis/elektroprovodka_paneli_priborov-91913/<br />
<b>Fatal error</b>:  Call to a member function opts_str() on a non-object in <b>/var/www/epcdata/kia_hyw/app/src/controller/mcController.class.php</b> on line <b>476</b><br />



<h1>Ban</h1>http://hyundai.epcdata.ru/accent-verna/22935/transmission/klapannaya_korobka_akp-4346211/uplotnenie_klapannoy_korobki_akp-46341A/








































<h1>Ban</h1>http://hyundai.epcdata.ru/accent-verna/18890/trim/brizgovik-86868/


<h1>Ban</h1>http://hyundai.epcdata.ru/accent-verna/27178/electric/truboprovodi_privoda_kabini-9191411/fiksator_provodki-91136C/


<h1>Ban</h1>http://hyundai.epcdata.ru/accent-verna/19485/engine/golovka_bloka_cilindrov-2022111/shayba-22322/


<h1>Ban</h1>http://hyundai.epcdata.ru/accent-verna/26645/engine/nasos_ohlajdayushey_jidkosti-2525111/shkiv_nasosa_gura-25226/


